<?xml version="1.0" encoding="UTF-8"?>
<!-- Generated by org.testng.reporters.JUnitReportReporter -->
<testsuite skipped="0" hostname="Matti-PC" name="com.selenium.ZoomInOutInSelenium" tests="1" failures="0" timestamp="04 May 2019 00:24:04 GMT" time="12.935" errors="0">
  <testcase name="zoomInOutTest" time="12.935" classname="com.selenium.ZoomInOutInSelenium"/>
</testsuite> <!-- com.selenium.ZoomInOutInSelenium -->
