<?xml version="1.0" encoding="UTF-8"?>
<!-- Generated by org.testng.reporters.JUnitReportReporter -->
<testsuite skipped="0" hostname="Matti-PC" name="com.testng.ExpectedExceptionsTest" tests="1" failures="0" timestamp="03 May 2019 00:04:22 GMT" time="60.992" errors="0">
  <testcase name="clickOnBankAccountLink" time="60.992" classname="com.testng.ExpectedExceptionsTest"/>
</testsuite> <!-- com.testng.ExpectedExceptionsTest -->
