<?xml version="1.0" encoding="UTF-8"?>
<!-- Generated by org.testng.reporters.JUnitReportReporter -->
<testsuite skipped="0" hostname="Matti-PC" name="com.test.FileUploadInSelenium" tests="1" failures="0" timestamp="03 May 2019 15:26:09 GMT" time="104.533" errors="0">
  <testcase name="uploadFileTest" time="104.533" classname="com.test.FileUploadInSelenium"/>
</testsuite> <!-- com.test.FileUploadInSelenium -->
