<?xml version="1.0" encoding="UTF-8"?>
<!-- Generated by org.testng.reporters.JUnitReportReporter -->
<testsuite skipped="0" hostname="Matti-PC" name="com.test.BrokenLinksTest" tests="1" failures="0" timestamp="02 May 2019 18:27:09 GMT" time="109.110" errors="0">
  <testcase name="getLinks" time="109.110" classname="com.test.BrokenLinksTest"/>
</testsuite> <!-- com.test.BrokenLinksTest -->
