<?xml version="1.0" encoding="UTF-8"?>
<!-- Generated by org.testng.reporters.JUnitReportReporter -->
<testsuite skipped="0" hostname="Matti-PC" name="com.test.FindLargestSmallestPrice" tests="1" failures="0" timestamp="02 May 2019 19:11:22 GMT" time="16.706" errors="0">
  <testcase name="getPrice" time="16.706" classname="com.test.FindLargestSmallestPrice"/>
</testsuite> <!-- com.test.FindLargestSmallestPrice -->
