<?xml version="1.0" encoding="UTF-8"?>
<!-- Generated by org.testng.reporters.JUnitReportReporter -->
<testsuite skipped="0" hostname="Matti-PC" name="com.test.ValidatePremierLeagueTablePoints" tests="1" failures="0" timestamp="02 May 2019 03:56:58 GMT" time="15.281" errors="0">
  <testcase name="leagueTablePointsTest" time="15.281" classname="com.test.ValidatePremierLeagueTablePoints"/>
</testsuite> <!-- com.test.ValidatePremierLeagueTablePoints -->
