<?xml version="1.0" encoding="UTF-8"?>
<!-- Generated by org.testng.reporters.JUnitReportReporter -->
<testsuite skipped="0" hostname="Matti-PC" name="com.test.GetAllLinksImagesFromPage" tests="1" failures="0" timestamp="03 May 2019 17:49:35 GMT" time="19.591" errors="0">
  <testcase name="getLinksTest" time="19.591" classname="com.test.GetAllLinksImagesFromPage"/>
</testsuite> <!-- com.test.GetAllLinksImagesFromPage -->
