<?xml version="1.0" encoding="UTF-8"?>
<!-- Generated by org.testng.reporters.JUnitReportReporter -->
<testsuite skipped="0" hostname="Matti-PC" name="com.selenium.LimitingWebDriverScope" tests="1" failures="0" timestamp="04 May 2019 17:11:09 GMT" time="36.027" errors="0">
  <testcase name="limitingDriverScopeTest" time="36.027" classname="com.selenium.LimitingWebDriverScope"/>
</testsuite> <!-- com.selenium.LimitingWebDriverScope -->
