<?xml version="1.0" encoding="UTF-8"?>
<!-- Generated by org.testng.reporters.JUnitReportReporter -->
<testsuite skipped="0" hostname="Matti-PC" name="com.selenium.WebTable_2" tests="1" failures="0" timestamp="04 May 2019 01:14:56 GMT" time="16.543" errors="0">
  <testcase name="clickOnCalculator" time="16.543" classname="com.selenium.WebTable_2"/>
</testsuite> <!-- com.selenium.WebTable_2 -->
