<?xml version="1.0" encoding="UTF-8"?>
<!-- Generated by org.testng.reporters.JUnitReportReporter -->
<testsuite skipped="0" hostname="Matti-PC" name="com.testng.DataProviderTest" tests="3" failures="0" timestamp="02 May 2019 23:52:41 GMT" time="23.708" errors="0">
  <testcase name="uspsSigninTestFromSchedulePickupPage" time="9.043" classname="com.testng.DataProviderTest"/>
  <testcase name="uspsSigninTestFromSchedulePickupPage" time="7.542" classname="com.testng.DataProviderTest"/>
  <testcase name="uspsSigninTestFromSchedulePickupPage" time="7.123" classname="com.testng.DataProviderTest"/>
</testsuite> <!-- com.testng.DataProviderTest -->
