<?xml version="1.0" encoding="UTF-8"?>
<!-- Generated by org.testng.reporters.JUnitReportReporter -->
<testsuite skipped="0" hostname="Matti-PC" name="com.test.SelectSearchResultFromDropDownList" tests="1" failures="0" timestamp="02 May 2019 18:49:22 GMT" time="9.932" errors="0">
  <testcase name="validateGoogleSearch" time="9.932" classname="com.test.SelectSearchResultFromDropDownList"/>
</testsuite> <!-- com.test.SelectSearchResultFromDropDownList -->
