<?xml version="1.0" encoding="UTF-8"?>
<!-- Generated by org.testng.reporters.JUnitReportReporter -->
<testsuite skipped="0" hostname="Matti-PC" name="com.selenium.CollapseAndExpandedObjects" tests="1" failures="0" timestamp="04 May 2019 01:45:34 GMT" time="15.626" errors="0">
  <testcase name="collapseAndExpandedObjectsTest" time="15.626" classname="com.selenium.CollapseAndExpandedObjects"/>
</testsuite> <!-- com.selenium.CollapseAndExpandedObjects -->
