<?xml version="1.0" encoding="UTF-8"?>
<!-- Generated by org.testng.reporters.JUnitReportReporter -->
<testsuite skipped="0" hostname="Matti-PC" name="com.test.VerifyPresenceOfText" tests="1" failures="0" timestamp="02 May 2019 21:31:54 GMT" time="32.256" errors="0">
  <testcase name="isTextPresent" time="32.256" classname="com.test.VerifyPresenceOfText"/>
</testsuite> <!-- com.test.VerifyPresenceOfText -->
