<?xml version="1.0" encoding="UTF-8"?>
<!-- Generated by org.testng.reporters.JUnitReportReporter -->
<testsuite skipped="0" hostname="Matti-PC" name="com.testng.ParameterAnnotation" tests="1" failures="0" timestamp="06 May 2019 11:29:44 GMT" time="35.283" errors="0">
  <testcase name="uspsSignin" time="35.283" classname="com.testng.ParameterAnnotation"/>
</testsuite> <!-- com.testng.ParameterAnnotation -->
