<?xml version="1.0" encoding="UTF-8"?>
<!-- Generated by org.testng.reporters.JUnitReportReporter -->
<testsuite skipped="1" hostname="Matti-PC" name="com.selenium.DisabledAndEnabledObject" tests="2" failures="0" timestamp="04 May 2019 01:32:35 GMT" time="54.799" errors="0">
  <testcase name="disabledAndEnabledObjectTest_2" time="54.799" classname="com.selenium.DisabledAndEnabledObject"/>
  <testcase name="disabledAndEnabledObjectTest_1" classname="com.selenium.DisabledAndEnabledObject">
    <skipped/>
  </testcase> <!-- disabledAndEnabledObjectTest_1 -->
</testsuite> <!-- com.selenium.DisabledAndEnabledObject -->
