<?xml version="1.0" encoding="UTF-8"?>
<!-- Generated by org.testng.reporters.JUnitReportReporter -->
<testsuite skipped="0" hostname="Matti-PC" name="com.test.CompareImages" tests="1" failures="0" timestamp="03 May 2019 14:21:20 GMT" time="15.841" errors="0">
  <testcase name="compareImagesTest" time="15.841" classname="com.test.CompareImages"/>
</testsuite> <!-- com.test.CompareImages -->
