<?xml version="1.0" encoding="UTF-8"?>
<!-- Generated by org.testng.reporters.JUnitReportReporter -->
<testsuite skipped="0" hostname="Matti-PC" name="com.crm.test.RegistrationPageTest" tests="6" failures="0" timestamp="06 May 2019 11:29:44 GMT" time="71.329" errors="0">
  <testcase name="validateFeaturesLinkTest" time="10.118" classname="com.crm.test.RegistrationPageTest"/>
  <testcase name="validateFeaturesLinkTest" time="15.009" classname="com.crm.test.RegistrationPageTest"/>
  <testcase name="validateRegistrationPageTitle" time="7.994" classname="com.crm.test.RegistrationPageTest"/>
  <testcase name="validatePricingLinkTest" time="8.404" classname="com.crm.test.RegistrationPageTest"/>
  <testcase name="validatePricingLinkTest" time="12.241" classname="com.crm.test.RegistrationPageTest"/>
  <testcase name="validateRegistrationPageTitle" time="17.563" classname="com.crm.test.RegistrationPageTest"/>
</testsuite> <!-- com.crm.test.RegistrationPageTest -->
