<?xml version="1.0" encoding="UTF-8"?>
<!-- Generated by org.testng.reporters.JUnitReportReporter -->
<testsuite skipped="0" hostname="Matti-PC" name="com.crm.test.PricingPageTest" tests="2" failures="0" timestamp="06 May 2019 11:29:44 GMT" time="36.103" errors="0">
  <testcase name="validatePageTitle" time="12.597" classname="com.crm.test.PricingPageTest"/>
  <testcase name="validatePageTitle" time="23.506" classname="com.crm.test.PricingPageTest"/>
</testsuite> <!-- com.crm.test.PricingPageTest -->
