<?xml version="1.0" encoding="UTF-8"?>
<!-- Generated by org.testng.reporters.JUnitReportReporter -->
<testsuite skipped="0" hostname="Matti-PC" name="seleniumScritps.BootstrapDropBox_MissingSelectTags" tests="1" failures="0" timestamp="03 May 2019 03:39:20 GMT" time="8.467" errors="0">
  <testcase name="selectFromDropDown" time="8.467" classname="seleniumScritps.BootstrapDropBox_MissingSelectTags"/>
</testsuite> <!-- seleniumScritps.BootstrapDropBox_MissingSelectTags -->
