<?xml version="1.0" encoding="UTF-8"?>
<!-- Generated by org.testng.reporters.JUnitReportReporter -->
<testsuite skipped="0" hostname="Matti-PC" name="com.selenium.AuthenticationPopUpHandle" tests="1" failures="0" timestamp="06 May 2019 15:11:26 GMT" time="6.320" errors="0">
  <testcase name="AuthenticationPopUpTest" time="6.320" classname="com.selenium.AuthenticationPopUpHandle"/>
</testsuite> <!-- com.selenium.AuthenticationPopUpHandle -->
