<?xml version="1.0" encoding="UTF-8"?>
<!-- Generated by org.testng.reporters.JUnitReportReporter -->
<testsuite skipped="0" hostname="Matti-PC" name="com.selenium.ResizeBrowserWindow" tests="1" failures="0" timestamp="04 May 2019 00:34:43 GMT" time="14.031" errors="0">
  <testcase name="windowResize" time="14.031" classname="com.selenium.ResizeBrowserWindow"/>
</testsuite> <!-- com.selenium.ResizeBrowserWindow -->
