<?xml version="1.0" encoding="UTF-8"?>
<!-- Generated by org.testng.reporters.JUnitReportReporter -->
<testsuite skipped="0" hostname="Matti-PC" name="com.test.FramesInSelenium" tests="1" failures="0" timestamp="03 May 2019 14:39:23 GMT" time="75.489" errors="0">
  <testcase name="SwithToFrameTest_1" time="75.489" classname="com.test.FramesInSelenium"/>
</testsuite> <!-- com.test.FramesInSelenium -->
