<?xml version="1.0" encoding="UTF-8"?>
<!-- Generated by org.testng.reporters.JUnitReportReporter -->
<testsuite skipped="1" hostname="Matti-PC" name="com.testng.Annotations" tests="3" failures="0" timestamp="02 May 2019 22:52:03 GMT" time="0.017" errors="0">
  <testcase name="testCaseOne" time="0.014" classname="com.testng.Annotations"/>
  <testcase name="testCaseTwo" time="0.003" classname="com.testng.Annotations"/>
  <testcase name="testCaseThree" classname="com.testng.Annotations">
    <skipped/>
  </testcase> <!-- testCaseThree -->
</testsuite> <!-- com.testng.Annotations -->
