<?xml version="1.0" encoding="UTF-8"?>
<!-- Generated by org.testng.reporters.JUnitReportReporter -->
<testsuite skipped="0" hostname="Matti-PC" name="com.selenium.Calendar_3" tests="1" failures="0" timestamp="04 May 2019 16:24:43 GMT" time="12.262" errors="0">
  <testcase name="selectDate_Month_YearTest" time="12.262" classname="com.selenium.Calendar_3"/>
</testsuite> <!-- com.selenium.Calendar_3 -->
