<?xml version="1.0" encoding="UTF-8"?>
<!-- Generated by org.testng.reporters.JUnitReportReporter -->
<testsuite skipped="0" hostname="Matti-PC" name="com.crm.test.FeaturesPageTest" tests="2" failures="0" timestamp="06 May 2019 11:29:44 GMT" time="44.470" errors="0">
  <testcase name="validatePageTitle" time="21.883" classname="com.crm.test.FeaturesPageTest"/>
  <testcase name="validatePageTitle" time="22.587" classname="com.crm.test.FeaturesPageTest"/>
</testsuite> <!-- com.crm.test.FeaturesPageTest -->
