<?xml version="1.0" encoding="UTF-8"?>
<!-- Generated by org.testng.reporters.JUnitReportReporter -->
<testsuite skipped="0" hostname="Matti-PC" name="com.testng.PriorityTest" tests="4" failures="0" timestamp="03 May 2019 00:15:02 GMT" time="120.251" errors="0">
  <testcase name="clickOnWealth" time="27.441" classname="com.testng.PriorityTest"/>
  <testcase name="clickOnBusiness" time="31.731" classname="com.testng.PriorityTest"/>
  <testcase name="clickOnCommercial" time="30.873" classname="com.testng.PriorityTest"/>
  <testcase name="clickOnCapitalMarkets" time="30.206" classname="com.testng.PriorityTest"/>
</testsuite> <!-- com.testng.PriorityTest -->
