<?xml version="1.0" encoding="UTF-8"?>
<!-- Generated by org.testng.reporters.JUnitReportReporter -->
<testsuite skipped="0" hostname="Matti-PC" name="com.test.BrowserPopWindowHandler" tests="1" failures="0" timestamp="02 May 2019 04:22:32 GMT" time="20.245" errors="0">
  <testcase name="browserPopTestUisngWindowHandler" time="20.245" classname="com.test.BrowserPopWindowHandler"/>
</testsuite> <!-- com.test.BrowserPopWindowHandler -->
